<?xml version="1.0" encoding="UTF-8"?>
<!-- Generated by org.testng.reporters.JUnitReportReporter -->
<<<<<<< HEAD
<testsuite hostname="hp-PC" name="com.trackx.truelocate.flow.FacilityAdvancedFilterFlow" tests="2" failures="0" timestamp="14 Dec 2017 09:05:47 GMT" time="153.140" errors="0">
  <testcase name="facilityAdvancedFilterFlow" time="131.317" classname="com.trackx.truelocate.flow.FacilityAdvancedFilterFlow"/>
  <testcase name="userLogin" time="21.823" classname="com.trackx.truelocate.flow.FacilityAdvancedFilterFlow"/>
=======
<testsuite hostname="DESKTOP-9FJDGC5" name="com.trackx.truelocate.flow.FacilityAdvancedFilterFlow" tests="2" failures="0" timestamp="14 Dec 2017 11:23:59 GMT" time="233.307" errors="0">
  <testcase name="userLogin" time="12.010" classname="com.trackx.truelocate.flow.FacilityAdvancedFilterFlow"/>
  <testcase name="facilityAdvancedFilterFlow" time="221.297" classname="com.trackx.truelocate.flow.FacilityAdvancedFilterFlow"/>
>>>>>>> 893da0b0318b6aa502622e3bfc4d05092e090b22
</testsuite> <!-- com.trackx.truelocate.flow.FacilityAdvancedFilterFlow -->
