<?xml version="1.0" encoding="UTF-8"?>
<!-- Generated by org.testng.reporters.JUnitReportReporter -->
<testsuite hostname="hp-PC" name="com.trackx.truelocate.flow.ItemGlobalFilterFlow" tests="2" failures="0" timestamp="22 Dec 2017 06:21:35 GMT" time="23.038" errors="0">
  <testcase name="itemClassGlobalFilterFlow" time="8.812" classname="com.trackx.truelocate.flow.ItemGlobalFilterFlow"/>
  <testcase name="userclickflow" time="14.226" classname="com.trackx.truelocate.flow.ItemGlobalFilterFlow"/>
</testsuite> <!-- com.trackx.truelocate.flow.ItemGlobalFilterFlow -->
