<?xml version="1.0" encoding="UTF-8"?>
<!-- Generated by org.testng.reporters.JUnitReportReporter -->
<testsuite hostname="hp-PC" name="com.trackx.truelocate.flow.AssetListAdvancedFilterFlow" tests="2" failures="0" timestamp="26 Dec 2017 11:12:48 GMT" time="85.810" errors="0">
  <testcase name="assetAdvancedFilterFlow" time="71.223" classname="com.trackx.truelocate.flow.AssetListAdvancedFilterFlow"/>
  <testcase name="userLogin" time="14.587" classname="com.trackx.truelocate.flow.AssetListAdvancedFilterFlow"/>
</testsuite> <!-- com.trackx.truelocate.flow.AssetListAdvancedFilterFlow -->
