<?xml version="1.0" encoding="UTF-8"?>
<!-- Generated by org.testng.reporters.JUnitReportReporter -->
<testsuite hostname="hp-PC" name="com.trackx.truelocate.flow.IMUserCreateFlow" tests="2" failures="0" timestamp="26 Dec 2017 14:05:23 GMT" time="80.969" errors="0">
  <testcase name="userCreationFlow" time="66.128" classname="com.trackx.truelocate.flow.IMUserCreateFlow"/>
  <testcase name="siteclickflow" time="14.841" classname="com.trackx.truelocate.flow.IMUserCreateFlow"/>
</testsuite> <!-- com.trackx.truelocate.flow.IMUserCreateFlow -->
