<?xml version="1.0" encoding="UTF-8"?>
<!-- Generated by org.testng.reporters.JUnitReportReporter -->
<testsuite hostname="hp-PC" name="com.trackx.truelocate.flow.AssetListGlobalFilterFlow" tests="2" failures="0" timestamp="22 Dec 2017 09:09:19 GMT" time="24.389" errors="0">
  <testcase name="provisionGlobalFilterFlow" time="9.821" classname="com.trackx.truelocate.flow.AssetListGlobalFilterFlow"/>
  <testcase name="userclickflow" time="14.568" classname="com.trackx.truelocate.flow.AssetListGlobalFilterFlow"/>
</testsuite> <!-- com.trackx.truelocate.flow.AssetListGlobalFilterFlow -->
