<?xml version="1.0" encoding="UTF-8"?>
<!-- Generated by org.testng.reporters.JUnitReportReporter -->
<testsuite hostname="hp-PC" name="com.trackx.truelocate.flow.IMIdentifierEditFlow" tests="2" failures="0" timestamp="27 Dec 2017 16:26:34 GMT" time="122.680" errors="0">
  <testcase name="userclickflow" time="68.850" classname="com.trackx.truelocate.flow.IMIdentifierEditFlow"/>
  <testcase name="identifierEditFlow" time="53.830" classname="com.trackx.truelocate.flow.IMIdentifierEditFlow"/>
</testsuite> <!-- com.trackx.truelocate.flow.IMIdentifierEditFlow -->
