<?xml version="1.0" encoding="UTF-8"?>
<!-- Generated by org.testng.reporters.JUnitReportReporter -->
<testsuite hostname="hp-PC" name="com.trackx.truelocate.flow.IdentifierTypeGlobalFilterFlow" tests="2" failures="0" timestamp="22 Dec 2017 06:00:30 GMT" time="24.255" errors="0">
  <testcase name="itemClassGlobalFilterFlow" time="8.700" classname="com.trackx.truelocate.flow.IdentifierTypeGlobalFilterFlow"/>
  <testcase name="userclickflow" time="15.555" classname="com.trackx.truelocate.flow.IdentifierTypeGlobalFilterFlow"/>
</testsuite> <!-- com.trackx.truelocate.flow.IdentifierTypeGlobalFilterFlow -->
