<?xml version="1.0" encoding="UTF-8"?>
<!-- Generated by org.testng.reporters.JUnitReportReporter -->
<testsuite hostname="hp-PC" name="com.trackx.truelocate.flow.RegionGlobalFilterFlow" tests="2" failures="0" timestamp="3 Jan 2018 09:35:14 GMT" time="20.928" errors="0">
  <testcase name="regionGlobalFilterFlow" time="8.035" classname="com.trackx.truelocate.flow.RegionGlobalFilterFlow"/>
  <testcase name="userclickflow" time="12.893" classname="com.trackx.truelocate.flow.RegionGlobalFilterFlow"/>
</testsuite> <!-- com.trackx.truelocate.flow.RegionGlobalFilterFlow -->
