<?xml version="1.0" encoding="UTF-8"?>
<!-- Generated by org.testng.reporters.JUnitReportReporter -->
<testsuite hostname="hp-PC" name="com.trackx.truelocate.flow.IMRegionEditFlow" tests="2" failures="0" timestamp="3 Jan 2018 13:08:48 GMT" time="52.579" errors="0">
  <testcase name="userclickflow" time="17.615" classname="com.trackx.truelocate.flow.IMRegionEditFlow"/>
  <testcase name="regionEditFlow" time="34.964" classname="com.trackx.truelocate.flow.IMRegionEditFlow"/>
</testsuite> <!-- com.trackx.truelocate.flow.IMRegionEditFlow -->
