<?xml version="1.0" encoding="UTF-8"?>
<!-- Generated by org.testng.reporters.JUnitReportReporter -->
<testsuite hostname="hp-PC" name="com.trackx.truelocate.flow.RegionAdvancedFilterFlow" tests="2" failures="0" timestamp="3 Jan 2018 09:35:14 GMT" time="21.565" errors="0">
  <testcase name="userLogin" time="13.517" classname="com.trackx.truelocate.flow.RegionAdvancedFilterFlow"/>
  <testcase name="regionAdvancedFilterFlow" time="8.048" classname="com.trackx.truelocate.flow.RegionAdvancedFilterFlow"/>
</testsuite> <!-- com.trackx.truelocate.flow.RegionAdvancedFilterFlow -->
