<?xml version="1.0" encoding="UTF-8"?>
<!-- Generated by org.testng.reporters.JUnitReportReporter -->
<testsuite hostname="hp-PC" name="com.trackx.truelocate.flow.IMItemClassEditFlow" tests="2" failures="0" timestamp="27 Dec 2017 13:59:30 GMT" time="41.538" errors="0">
  <testcase name="userclickflow" time="13.190" classname="com.trackx.truelocate.flow.IMItemClassEditFlow"/>
  <testcase name="itemClassEditFlow" time="28.348" classname="com.trackx.truelocate.flow.IMItemClassEditFlow"/>
</testsuite> <!-- com.trackx.truelocate.flow.IMItemClassEditFlow -->
