<?xml version="1.0" encoding="UTF-8"?>
<!-- Generated by org.testng.reporters.JUnitReportReporter -->
<testsuite hostname="hp-PC" name="com.trackx.truelocate.flow.IMItemEditFlow" tests="2" failures="0" timestamp="27 Dec 2017 15:45:18 GMT" time="304.346" errors="0">
  <testcase name="itemEditFlow" time="271.316" classname="com.trackx.truelocate.flow.IMItemEditFlow"/>
  <testcase name="userLogin" time="33.030" classname="com.trackx.truelocate.flow.IMItemEditFlow"/>
</testsuite> <!-- com.trackx.truelocate.flow.IMItemEditFlow -->
