<?xml version="1.0" encoding="UTF-8"?>
<!-- Generated by org.testng.reporters.JUnitReportReporter -->
<testsuite hostname="hp-PC" name="com.trackx.truelocate.flow.ItemTypeGlobalFilterFlow" tests="2" failures="0" timestamp="21 Dec 2017 10:29:42 GMT" time="33.869" errors="0">
  <testcase name="userclickflow" time="24.170" classname="com.trackx.truelocate.flow.ItemTypeGlobalFilterFlow"/>
  <testcase name="itemClassGlobalFilterFlow" time="9.699" classname="com.trackx.truelocate.flow.ItemTypeGlobalFilterFlow"/>
</testsuite> <!-- com.trackx.truelocate.flow.ItemTypeGlobalFilterFlow -->
